<?xml version="1.0" encoding="UTF-8"?>
<testng-results ignored="0" total="1" passed="1" failed="0" skipped="0">
  <reporter-output>
  </reporter-output>
  <suite started-at="2024-07-26T15:49:13 IST" name="Default suite" finished-at="2024-07-26T15:49:24 IST" duration-ms="11003">
    <groups>
    </groups>
    <test started-at="2024-07-26T15:49:13 IST" name="Default test" finished-at="2024-07-26T15:49:24 IST" duration-ms="11003">
      <class name="com.sample.testScripts.Naukari_Test">
        <test-method signature="executeScript1()[pri:0, instance:com.sample.testScripts.Naukari_Test@6221a451]" started-at="2024-07-26T15:49:13 IST" name="executeScript1" finished-at="2024-07-26T15:49:24 IST" duration-ms="10943" status="PASS">
          <reporter-output>
          </reporter-output>
        </test-method> <!-- executeScript1 -->
      </class> <!-- com.sample.testScripts.Naukari_Test -->
    </test> <!-- Default test -->
  </suite> <!-- Default suite -->
</testng-results>
